= Host-specific information ====================================================
$> hostname; uname -msr
e1z3r6p8.42.us.org
Darwin 15.6.0 x86_64
$> date
Wed Mar 15 19:28:56 PDT 2017
$> gcc --version
Configured with: --prefix=/Applications/Xcode.app/Contents/Developer/usr --with-gxx-include-dir=/Applications/Xcode.app/Contents/Developer/Platforms/MacOSX.platform/Developer/SDKs/MacOSX10.11.sdk/usr/include/c++/4.2.1
Apple LLVM version 7.3.0 (clang-703.0.31)
Target: x86_64-apple-darwin15.6.0
Thread model: posix
InstalledDir: /Applications/Xcode.app/Contents/Developer/Toolchains/XcodeDefault.xctoolchain/usr/bin
$> clang --version
Apple LLVM version 7.3.0 (clang-703.0.31)
Target: x86_64-apple-darwin15.6.0
Thread model: posix
InstalledDir: /Applications/Xcode.app/Contents/Developer/Toolchains/XcodeDefault.xctoolchain/usr/bin

= User files collection ========================================================
Collecting user files from Vogsphere
Repository URL: auto-exam/2017/c-exam-beginner/practice-exam_20170316/kromain4

= Git history ==================================================================
$> git -C /var/folders/wb/c9xtvmxs7p78hdp2vk0x6y540000gp/T/tmp8aQFkJ/user log --pretty='%H - %an, %ad : %s'
9686a3a871dc4a24554ef2aa017e03c8706b0ba7 - Keenan ROMAIN, Wed Mar 15 19:28:29 2017 -0700 : m
 
= Collected files ==========================================
$> ls -lAR /var/folders/wb/c9xtvmxs7p78hdp2vk0x6y540000gp/T/tmp8aQFkJ/user
total 8
-rw-r--r--  1 deepthought  deepthought  261 Mar 15 19:28 __GIT_HISTORY
drwxr-xr-x  3 deepthought  deepthought  102 Mar 15 19:28 rostring

/var/folders/wb/c9xtvmxs7p78hdp2vk0x6y540000gp/T/tmp8aQFkJ/user/rostring:
total 8
-rw-r--r--  1 deepthought  deepthought  1630 Mar 15 19:28 rostring.c
 
= rostring =====================================================================
$> gcc -Wextra -Wall -Werror rostring.c -o user_exe 

= Test 1 ===================================================
$> ./2p9l3vpdww4l470y4a7jzij4 
$> diff -U 3 user_output_test1 test1.output | cat -e

Diff OK :D
= Test 2 ===================================================
$> ./52n7z2bwv08xqm6bich1sz6q 
$> diff -U 3 user_output_test2 test2.output | cat -e

Diff OK :D
= Test 3 ===================================================
$> ./6nd7onb909kewariyoc6zivo "salut" "a" "tous" "tout" "le" "monde"
$> diff -U 3 user_output_test3 test3.output | cat -e
--- user_output_test3	2017-03-15 19:28:59.000000000 -0700$
+++ test3.output	2017-03-15 19:28:59.000000000 -0700$
@@ -1 +1 @@$
-$
+salut$

Diff KO :(
Grade: 0

= Final grade: 0 ===============================================================
