= Host-specific information ====================================================
$> hostname; uname -msr
e1z2r2p5.42.us.org
Darwin 15.6.0 x86_64
$> date
Wed Mar  1 17:54:06 PST 2017
$> gcc --version
Configured with: --prefix=/Applications/Xcode.app/Contents/Developer/usr --with-gxx-include-dir=/Applications/Xcode.app/Contents/Developer/Platforms/MacOSX.platform/Developer/SDKs/MacOSX10.11.sdk/usr/include/c++/4.2.1
Apple LLVM version 7.3.0 (clang-703.0.31)
Target: x86_64-apple-darwin15.6.0
Thread model: posix
InstalledDir: /Applications/Xcode.app/Contents/Developer/Toolchains/XcodeDefault.xctoolchain/usr/bin
$> clang --version
Apple LLVM version 7.3.0 (clang-703.0.31)
Target: x86_64-apple-darwin15.6.0
Thread model: posix
InstalledDir: /Applications/Xcode.app/Contents/Developer/Toolchains/XcodeDefault.xctoolchain/usr/bin

= User files collection ========================================================
Collecting user files from Vogsphere
Repository URL: auto-exam/2017/c-exam-beginner/practice-exam_20170302/kromain

= Git history ==================================================================
$> git -C /var/folders/mw/9pmr8x797g77lfwjj5tnzskr0000gp/T/tmpc4HKws/user log --pretty='%H - %an, %ad : %s'
e2a66ece33f0f67e1c67111812adc5715787d109 - Keenan ROMAIN, Wed Mar 1 17:53:47 2017 -0800 : testing
55f1a81297808690009291d998b26719ed5c907c - Keenan ROMAIN, Wed Mar 1 17:50:01 2017 -0800 : paramsum
 
= Collected files ==========================================
$> ls -lAR /var/folders/mw/9pmr8x797g77lfwjj5tnzskr0000gp/T/tmpc4HKws/user
total 8
-rw-r--r--  1 deepthought  deepthought  528 Mar  1 17:54 __GIT_HISTORY
drwxr-xr-x  3 deepthought  deepthought  102 Mar  1 17:54 ft_split
drwxr-xr-x  3 deepthought  deepthought  102 Mar  1 17:54 paramsum

/var/folders/mw/9pmr8x797g77lfwjj5tnzskr0000gp/T/tmpc4HKws/user/ft_split:
total 8
-rw-r--r--  1 deepthought  deepthought  1189 Mar  1 17:54 ft_split.c

/var/folders/mw/9pmr8x797g77lfwjj5tnzskr0000gp/T/tmpc4HKws/user/paramsum:
total 8
-rw-r--r--  1 deepthought  deepthought  1281 Mar  1 17:54 paramsum.c
 
= ft_split =====================================================================
$> gcc -Wextra -Wall -Werror ft_split.c main.c -o user_exe 

= Test 1 ===================================================
$> ./2eh09bay2itmy6bq02u6xk6o ""
$> diff -U 3 user_output_test1 test1.output | cat -e

Diff OK :D
= Test 2 ===================================================
$> ./euuuo4l2ka7ud9zm8tm65zwr " 	"
$> diff -U 3 user_output_test2 test2.output | cat -e

Diff OK :D
= Test 3 ===================================================
$> ./t8ih8a6j0zn9uhd2hlacm07e "	  	
 

 	 "
$> diff -U 3 user_output_test3 test3.output | cat -e
--- user_output_test3	2017-03-01 17:54:18.000000000 -0800$
+++ test3.output	2017-03-01 17:54:18.000000000 -0800$
@@ -1,5 +0,0 @@$
-$
-$
-$
-$
-$

Diff KO :(
Grade: 0

= Final grade: 0 ===============================================================
